This file contains any messages produced by compilers while
running configure, to aid debugging if configure makes a mistake.

configure:552: checking for Cygwin environment
configure:585: checking for mingw32 environment
configure:662: checking host system type
configure:683: checking target system type
configure:701: checking build system type
configure:726: checking for gcc
configure:839: checking whether the C compiler (gcc -g ) works
configure:855: gcc -o conftest -g   conftest.c  1>&5
configure:881: checking whether the C compiler (gcc -g ) is a cross-compiler
configure:886: checking whether we are using GNU C
configure:914: checking whether gcc accepts -g
configure:946: checking for POSIXized ISC
configure:984: checking for a BSD compatible install
configure:1037: checking whether build environment is sane
configure:1094: checking whether make sets ${MAKE}
configure:1140: checking for working aclocal
configure:1153: checking for working autoconf
configure:1166: checking for working automake
configure:1179: checking for working autoheader
configure:1192: checking for working makeinfo
configure:1215: checking for ar
configure:1247: checking for ranlib
configure:1394: checking for ld used by GCC
configure:1462: checking if the linker (/usr/bin/ld) is GNU ld
configure:1479: checking for /usr/bin/ld option to reload object files
configure:1491: checking for BSD-compatible nm
configure:1529: checking whether ln -s works
configure:1550: checking how to recognise dependant libraries
configure:1723: checking for object suffix
configure:1749: checking for executable suffix
configure:1919: checking for ranlib
configure:1986: checking for strip
ltconfig:678:checking for gcc option to produce PIC
ltconfig:687:checking that gcc PIC flag  -fPIC -DPIC works.
ltconfig:749: checking if gcc static flag -static works
ltconfig:780: finding the maximum length of command line arguments
ltconfig:@lineno@: result: 49153
ltconfig:887: checking if gcc supports -fno-rtti -fno-exceptions
ltconfig:888: gcc -c -g -fno-rtti -fno-exceptions -c conftest.c  conftest.c 1>&5
ltconfig:1431: checking if global_symbol_pipe works
ltconfig:1432: gcc -c -g  conftest.c 1>&5
ltconfig:1435: eval "/usr/bin/nm -B conftest.o | sed -n -e 's/^.*[ 	]\([ABCDGISTW][ABCDGISTW]*\)[ 	][ 	]*\(\)\([_A-Za-z][_A-Za-z0-9]*\)$/\1 \2\3 \3/p' > conftest.nm"
ltconfig:1487: gcc -o conftest -g -fno-builtin   conftest.c conftstm.o 1>&5
configure:2311: checking whether to enable maintainer-specific portions of Makefiles
configure:2336: checking for executable suffix
configure:2372: checking for gcc
configure:2485: checking whether the C compiler (gcc -g ) works
configure:2501: gcc -o conftest -g   conftest.c  1>&5
configure:2527: checking whether the C compiler (gcc -g ) is a cross-compiler
configure:2532: checking whether we are using GNU C
configure:2560: checking whether gcc accepts -g
configure:2594: checking how to run the C preprocessor
configure:2676: checking for ranlib
configure:2704: checking for ANSI C header files
configure:2808: checking for working const
configure:2883: checking for inline
configure:2923: checking for off_t
configure:2956: checking for size_t
configure:2991: checking for working alloca.h
configure:3024: checking for alloca
configure:3226: checking for stdlib.h
configure:3226: checking for unistd.h
configure:3226: checking for sys/stat.h
configure:3226: checking for sys/types.h
configure:3265: checking for getpagesize
configure:3318: checking for working mmap
configure:3507: checking for argz.h
configure:3507: checking for limits.h
configure:3507: checking for locale.h
configure:3507: checking for nl_types.h
configure:3507: checking for malloc.h
configure:3507: checking for string.h
configure:3507: checking for unistd.h
configure:3507: checking for values.h
configure:3507: checking for sys/param.h
configure:3547: checking for getcwd
configure:3547: checking for munmap
configure:3547: checking for putenv
configure:3547: checking for setenv
configure:3547: checking for setlocale
configure:3547: checking for strchr
configure:3547: checking for strcasecmp
configure:3547: checking for __argz_count
configure:3547: checking for __argz_stringify
configure:3547: checking for __argz_next
configure:3666: checking for LC_MESSAGES
configure:3699: checking whether NLS is requested
configure:3719: checking whether included gettext is requested
configure:3738: checking for libintl.h
configure:3765: checking for gettext in libc
configure:3868: checking for msgfmt
configure:3902: checking for dcgettext
configure:3957: checking for gmsgfmt
configure:3993: checking for xgettext
configure:4033: gcc -o conftest -g   conftest.c  1>&5
configure:4225: checking for catalogs to be installed
configure:4378: checking for a BSD compatible install
configure:4435: checking for string.h
configure:4435: checking for strings.h
configure:4435: checking for stdlib.h
