This file contains any messages produced by compilers while
running configure, to aid debugging if configure makes a mistake.

configure:603: checking whether to enable maintainer-specific portions of Makefiles
configure:628: checking for makeinfo
configure:674: checking for perl
configure:714: checking host system type
configure:737: checking build system type
configure:763: checking for ar
configure:795: checking for ranlib
configure:864: checking for gcc
configure:943: checking whether we are using GNU C
configure:968: checking whether gcc accepts -g
configure:999: checking for POSIXized ISC
configure:1020: checking for working const
configure:1095: checking for inline
configure:1152: checking for a BSD compatible install
configure:1213: checking how to run the C preprocessor
configure:1296: checking for sys/file.h
configure:1296: checking for sys/param.h
configure:1296: checking for limits.h
configure:1296: checking for stdlib.h
configure:1296: checking for string.h
configure:1296: checking for unistd.h
configure:1296: checking for strings.h
configure:1296: checking for sys/time.h
configure:1296: checking for time.h
configure:1296: checking for sys/resource.h
configure:1296: checking for sys/stat.h
configure:1296: checking for sys/mman.h
configure:1296: checking for fcntl.h
configure:1296: checking for alloca.h
configure:1333: checking for sys/wait.h that is POSIX.1 compatible
configure:1375: checking whether time.h and sys/time.h may both be included
configure:1411: checking whether errno must be declared
configure:1445: checking for ANSI C header files
configure:1549: checking for uintptr_t
configure:2235: checking whether the C compiler (gcc -g ) works
configure:2251: gcc -o conftest -g   conftest.c  1>&5
configure:2277: checking whether the C compiler (gcc -g ) is a cross-compiler
configure:2284: checking for asprintf
configure:2284: checking for atexit
configure:2284: checking for basename
configure:2284: checking for bcmp
configure:2284: checking for bcopy
configure:2284: checking for bsearch
configure:2284: checking for bzero
configure:2284: checking for calloc
configure:2284: checking for clock
configure:2284: checking for ffs
configure:2284: checking for getcwd
configure:2284: checking for getpagesize
configure:2284: checking for index
configure:2284: checking for insque
configure:2284: checking for memchr
configure:2284: checking for memcmp
configure:2284: checking for memcpy
configure:2284: checking for memmove
configure:2284: checking for memset
configure:2284: checking for mkstemps
configure:2284: checking for putenv
configure:2284: checking for random
configure:2284: checking for rename
configure:2284: checking for rindex
configure:2284: checking for setenv
configure:2284: checking for sigsetmask
configure:2284: checking for strcasecmp
configure:2284: checking for strchr
configure:2284: checking for strdup
configure:2284: checking for strncasecmp
configure:2284: checking for strrchr
configure:2284: checking for strstr
configure:2284: checking for strtod
configure:2284: checking for strtol
configure:2284: checking for strtoul
configure:2284: checking for tmpnam
configure:2284: checking for vasprintf
configure:2284: checking for vfprintf
configure:2284: checking for vprintf
configure:2284: checking for vsprintf
configure:2284: checking for waitpid
configure:2339: checking whether alloca needs Cray hooks
configure:2423: checking stack direction for C alloca
configure:2471: checking for pid_t
configure:2505: checking for vfork.h
configure:2540: checking for working vfork
configure:2781: checking for _doprnt
configure:2837: checking for sys_errlist
configure:2837: checking for sys_nerr
configure:2837: checking for sys_siglist
configure:2875: checking for getrusage
configure:2875: checking for on_exit
configure:2875: checking for psignal
configure:2875: checking for strerror
configure:2875: checking for strsignal
configure:2875: checking for sysconf
configure:2875: checking for times
configure:2875: checking for sbrk
configure:2875: checking for gettimeofday
configure:2933: checking for unistd.h
configure:2972: checking for getpagesize
configure:3025: checking for working mmap
configure:3197: checking for working strncmp
