This file contains any messages produced by compilers while
running configure, to aid debugging if configure makes a mistake.

configure:552: checking for Cygwin environment
configure:585: checking for mingw32 environment
configure:662: checking host system type
configure:683: checking target system type
configure:701: checking build system type
configure:726: checking for gcc
configure:839: checking whether the C compiler (gcc -g ) works
configure:855: gcc -o conftest -g   conftest.c  1>&5
configure:881: checking whether the C compiler (gcc -g ) is a cross-compiler
configure:886: checking whether we are using GNU C
configure:914: checking whether gcc accepts -g
configure:946: checking for POSIXized ISC
configure:980: checking for a BSD compatible install
configure:1033: checking whether build environment is sane
configure:1090: checking whether make sets ${MAKE}
configure:1136: checking for working aclocal
configure:1149: checking for working autoconf
configure:1162: checking for working automake
configure:1175: checking for working autoheader
configure:1188: checking for working makeinfo
configure:1283: checking for ld used by GCC
configure:1351: checking if the linker (/usr/bin/ld) is GNU ld
configure:1368: checking for /usr/bin/ld option to reload object files
configure:1380: checking for BSD-compatible nm
configure:1418: checking whether ln -s works
configure:1439: checking how to recognise dependant libraries
configure:1612: checking for object suffix
configure:1638: checking for executable suffix
configure:1814: checking for ranlib
configure:1881: checking for strip
ltconfig:678:checking for gcc option to produce PIC
ltconfig:687:checking that gcc PIC flag  -fPIC -DPIC works.
ltconfig:749: checking if gcc static flag -static works
ltconfig:780: finding the maximum length of command line arguments
ltconfig:@lineno@: result: 49153
ltconfig:887: checking if gcc supports -fno-rtti -fno-exceptions
ltconfig:888: gcc -c -g -fno-rtti -fno-exceptions -c conftest.c  conftest.c 1>&5
ltconfig:1431: checking if global_symbol_pipe works
ltconfig:1432: gcc -c -g  conftest.c 1>&5
ltconfig:1435: eval "/usr/bin/nm -B conftest.o | sed -n -e 's/^.*[ 	]\([ABCDGISTW][ABCDGISTW]*\)[ 	][ 	]*\(\)\([_A-Za-z][_A-Za-z0-9]*\)$/\1 \2\3 \3/p' > conftest.nm"
ltconfig:1487: gcc -o conftest -g -fno-builtin   conftest.c conftstm.o 1>&5
configure:3145: checking for gcc
configure:3258: checking whether the C compiler (gcc -g ) works
configure:3274: gcc -o conftest -g   conftest.c  1>&5
configure:3300: checking whether the C compiler (gcc -g ) is a cross-compiler
configure:3305: checking whether we are using GNU C
configure:3333: checking whether gcc accepts -g
configure:3370: checking for bison
configure:3401: checking how to run the C preprocessor
configure:3486: checking for flex
configure:3519: checking for flex
configure:3553: checking for yywrap in -lfl
configure:3595: checking lex output file root
configure:3616: checking whether yytext is a pointer
configure:3661: checking for ranlib
configure:3689: checking for ANSI C header files
configure:3793: checking for working const
configure:3868: checking for inline
configure:3908: checking for off_t
configure:3941: checking for size_t
configure:3976: checking for working alloca.h
configure:4009: checking for alloca
configure:4211: checking for stdlib.h
configure:4211: checking for unistd.h
configure:4211: checking for sys/stat.h
configure:4211: checking for sys/types.h
configure:4250: checking for getpagesize
configure:4303: checking for working mmap
configure:4492: checking for argz.h
configure:4492: checking for limits.h
configure:4492: checking for locale.h
configure:4492: checking for nl_types.h
configure:4492: checking for malloc.h
configure:4492: checking for string.h
configure:4492: checking for unistd.h
configure:4492: checking for values.h
configure:4492: checking for sys/param.h
configure:4532: checking for getcwd
configure:4532: checking for munmap
configure:4532: checking for putenv
configure:4532: checking for setenv
configure:4532: checking for setlocale
configure:4532: checking for strchr
configure:4532: checking for strcasecmp
configure:4532: checking for __argz_count
configure:4532: checking for __argz_stringify
configure:4532: checking for __argz_next
configure:4651: checking for LC_MESSAGES
configure:4684: checking whether NLS is requested
configure:4704: checking whether included gettext is requested
configure:4723: checking for libintl.h
configure:4750: checking for gettext in libc
configure:4853: checking for msgfmt
configure:4887: checking for dcgettext
configure:4942: checking for gmsgfmt
configure:4978: checking for xgettext
configure:5018: gcc -o conftest -g   conftest.c  1>&5
configure:5210: checking for catalogs to be installed
configure:5311: checking whether to enable maintainer-specific portions of Makefiles
configure:5336: checking for executable suffix
configure:5371: checking for string.h
configure:5371: checking for stdlib.h
configure:5371: checking for memory.h
configure:5371: checking for strings.h
configure:5371: checking for unistd.h
configure:5371: checking for stdarg.h
configure:5371: checking for varargs.h
configure:5371: checking for errno.h
configure:5371: checking for sys/types.h
configure:5411: checking whether compiling a cross-assembler
configure:5426: checking for working alloca.h
configure:5459: checking for alloca
configure:5658: checking for inline
configure:5702: checking for unlink
configure:5759: checking for sbrk
configure:5946: checking for working assert macro
configure:6008: checking whether declaration is required for strstr
configure:6045: checking whether declaration is required for malloc
configure:6082: checking whether declaration is required for free
configure:6119: checking whether declaration is required for sbrk
configure:6156: checking whether declaration is required for environ
configure:6196: checking whether declaration is required for errno
